[0.009s] Invoking command in '/home/zjh/unitree_go2_ws/build/go2_twist_bridge': CMAKE_PREFIX_PATH=${CMAKE_PREFIX_PATH}:/opt/ros/humble /usr/bin/cmake --build /home/zjh/unitree_go2_ws/build/go2_twist_bridge -- -j20 -l20
[0.067s] [100%] Built target twist_bridge
[0.080s] Invoked command in '/home/zjh/unitree_go2_ws/build/go2_twist_bridge' returned '0': CMAKE_PREFIX_PATH=${CMAKE_PREFIX_PATH}:/opt/ros/humble /usr/bin/cmake --build /home/zjh/unitree_go2_ws/build/go2_twist_bridge -- -j20 -l20
[0.092s] Invoking command in '/home/zjh/unitree_go2_ws/build/go2_twist_bridge': CMAKE_PREFIX_PATH=${CMAKE_PREFIX_PATH}:/opt/ros/humble /usr/bin/cmake --install /home/zjh/unitree_go2_ws/build/go2_twist_bridge
[0.102s] -- Install configuration: ""
[0.102s] -- Up-to-date: /home/zjh/unitree_go2_ws/install/go2_twist_bridge/lib/go2_twist_bridge/twist_bridge
[0.102s] -- Up-to-date: /home/zjh/unitree_go2_ws/install/go2_twist_bridge/share/ament_index/resource_index/package_run_dependencies/go2_twist_bridge
[0.102s] -- Up-to-date: /home/zjh/unitree_go2_ws/install/go2_twist_bridge/share/ament_index/resource_index/parent_prefix_path/go2_twist_bridge
[0.103s] -- Up-to-date: /home/zjh/unitree_go2_ws/install/go2_twist_bridge/share/go2_twist_bridge/environment/ament_prefix_path.sh
[0.103s] -- Up-to-date: /home/zjh/unitree_go2_ws/install/go2_twist_bridge/share/go2_twist_bridge/environment/ament_prefix_path.dsv
[0.103s] -- Up-to-date: /home/zjh/unitree_go2_ws/install/go2_twist_bridge/share/go2_twist_bridge/environment/path.sh
[0.103s] -- Up-to-date: /home/zjh/unitree_go2_ws/install/go2_twist_bridge/share/go2_twist_bridge/environment/path.dsv
[0.103s] -- Up-to-date: /home/zjh/unitree_go2_ws/install/go2_twist_bridge/share/go2_twist_bridge/local_setup.bash
[0.103s] -- Up-to-date: /home/zjh/unitree_go2_ws/install/go2_twist_bridge/share/go2_twist_bridge/local_setup.sh
[0.103s] -- Up-to-date: /home/zjh/unitree_go2_ws/install/go2_twist_bridge/share/go2_twist_bridge/local_setup.zsh
[0.104s] -- Up-to-date: /home/zjh/unitree_go2_ws/install/go2_twist_bridge/share/go2_twist_bridge/local_setup.dsv
[0.104s] -- Installing: /home/zjh/unitree_go2_ws/install/go2_twist_bridge/share/go2_twist_bridge/package.dsv
[0.104s] -- Up-to-date: /home/zjh/unitree_go2_ws/install/go2_twist_bridge/share/ament_index/resource_index/packages/go2_twist_bridge
[0.105s] -- Up-to-date: /home/zjh/unitree_go2_ws/install/go2_twist_bridge/share/go2_twist_bridge/cmake/go2_twist_bridgeConfig.cmake
[0.105s] -- Up-to-date: /home/zjh/unitree_go2_ws/install/go2_twist_bridge/share/go2_twist_bridge/cmake/go2_twist_bridgeConfig-version.cmake
[0.105s] -- Up-to-date: /home/zjh/unitree_go2_ws/install/go2_twist_bridge/share/go2_twist_bridge/package.xml
[0.105s] Invoked command in '/home/zjh/unitree_go2_ws/build/go2_twist_bridge' returned '0': CMAKE_PREFIX_PATH=${CMAKE_PREFIX_PATH}:/opt/ros/humble /usr/bin/cmake --install /home/zjh/unitree_go2_ws/build/go2_twist_bridge
