[0.007s] Invoking command in '/home/zjh/unitree_go2_ws/build/helloworld': CMAKE_PREFIX_PATH=/opt/ros/humble /usr/bin/cmake --build /home/zjh/unitree_go2_ws/build/helloworld -- -j20 -l20
[0.050s] [100%] Built target hello
[0.060s] Invoked command in '/home/zjh/unitree_go2_ws/build/helloworld' returned '0': CMAKE_PREFIX_PATH=/opt/ros/humble /usr/bin/cmake --build /home/zjh/unitree_go2_ws/build/helloworld -- -j20 -l20
[0.069s] Invoking command in '/home/zjh/unitree_go2_ws/build/helloworld': CMAKE_PREFIX_PATH=/opt/ros/humble /usr/bin/cmake --install /home/zjh/unitree_go2_ws/build/helloworld
[0.077s] -- Install configuration: ""
[0.077s] -- Up-to-date: /home/zjh/unitree_go2_ws/install/helloworld/lib/helloworld/hello
[0.077s] -- Up-to-date: /home/zjh/unitree_go2_ws/install/helloworld/share/ament_index/resource_index/package_run_dependencies/helloworld
[0.077s] -- Up-to-date: /home/zjh/unitree_go2_ws/install/helloworld/share/ament_index/resource_index/parent_prefix_path/helloworld
[0.077s] -- Up-to-date: /home/zjh/unitree_go2_ws/install/helloworld/share/helloworld/environment/ament_prefix_path.sh
[0.077s] -- Up-to-date: /home/zjh/unitree_go2_ws/install/helloworld/share/helloworld/environment/ament_prefix_path.dsv
[0.077s] -- Up-to-date: /home/zjh/unitree_go2_ws/install/helloworld/share/helloworld/environment/path.sh
[0.077s] -- Up-to-date: /home/zjh/unitree_go2_ws/install/helloworld/share/helloworld/environment/path.dsv
[0.077s] -- Up-to-date: /home/zjh/unitree_go2_ws/install/helloworld/share/helloworld/local_setup.bash
[0.077s] -- Up-to-date: /home/zjh/unitree_go2_ws/install/helloworld/share/helloworld/local_setup.sh
[0.078s] -- Up-to-date: /home/zjh/unitree_go2_ws/install/helloworld/share/helloworld/local_setup.zsh
[0.078s] -- Up-to-date: /home/zjh/unitree_go2_ws/install/helloworld/share/helloworld/local_setup.dsv
[0.078s] -- Up-to-date: /home/zjh/unitree_go2_ws/install/helloworld/share/helloworld/package.dsv
[0.078s] -- Up-to-date: /home/zjh/unitree_go2_ws/install/helloworld/share/ament_index/resource_index/packages/helloworld
[0.078s] -- Up-to-date: /home/zjh/unitree_go2_ws/install/helloworld/share/helloworld/cmake/helloworldConfig.cmake
[0.078s] -- Up-to-date: /home/zjh/unitree_go2_ws/install/helloworld/share/helloworld/cmake/helloworldConfig-version.cmake
[0.078s] -- Up-to-date: /home/zjh/unitree_go2_ws/install/helloworld/share/helloworld/package.xml
[0.079s] Invoked command in '/home/zjh/unitree_go2_ws/build/helloworld' returned '0': CMAKE_PREFIX_PATH=/opt/ros/humble /usr/bin/cmake --install /home/zjh/unitree_go2_ws/build/helloworld
