[0.010s] Invoking command in '/home/zjh/unitree_go2_ws/build/helloworld': CMAKE_PREFIX_PATH=/opt/ros/humble /usr/bin/cmake /home/zjh/unitree_go2_ws/src/helloworld/helloworld -DCMAKE_INSTALL_PREFIX=/home/zjh/unitree_go2_ws/install/helloworld
[0.180s] -- The C compiler identification is GNU 11.4.0
[0.272s] -- The CXX compiler identification is GNU 11.4.0
[0.282s] -- Detecting C compiler ABI info
[0.356s] -- Detecting C compiler ABI info - done
[0.361s] -- Check for working C compiler: /usr/bin/cc - skipped
[0.361s] -- Detecting C compile features
[0.362s] -- Detecting C compile features - done
[0.366s] -- Detecting CXX compiler ABI info
[0.464s] -- Detecting CXX compiler ABI info - done
[0.471s] -- Check for working CXX compiler: /usr/bin/c++ - skipped
[0.471s] -- Detecting CXX compile features
[0.471s] -- Detecting CXX compile features - done
[0.479s] -- Found ament_cmake: 1.3.12 (/opt/ros/humble/share/ament_cmake/cmake)
[0.609s] -- Found Python3: /usr/bin/python3 (found version "3.10.12") found components: Interpreter 
[0.701s] -- Found rclcpp: 16.0.14 (/opt/ros/humble/share/rclcpp/cmake)
[0.755s] -- Found rosidl_generator_c: 3.1.7 (/opt/ros/humble/share/rosidl_generator_c/cmake)
[0.760s] -- Found rosidl_adapter: 3.1.7 (/opt/ros/humble/share/rosidl_adapter/cmake)
[0.769s] -- Found rosidl_generator_cpp: 3.1.7 (/opt/ros/humble/share/rosidl_generator_cpp/cmake)
[0.785s] -- Using all available rosidl_typesupport_c: rosidl_typesupport_fastrtps_c;rosidl_typesupport_introspection_c
[0.806s] -- Using all available rosidl_typesupport_cpp: rosidl_typesupport_fastrtps_cpp;rosidl_typesupport_introspection_cpp
[0.859s] -- Found rmw_implementation_cmake: 6.1.2 (/opt/ros/humble/share/rmw_implementation_cmake/cmake)
[0.862s] -- Found rmw_fastrtps_cpp: 6.2.8 (/opt/ros/humble/share/rmw_fastrtps_cpp/cmake)
[0.957s] -- Found OpenSSL: /usr/lib/x86_64-linux-gnu/libcrypto.so (found version "3.0.2")  
[0.979s] -- Found FastRTPS: /opt/ros/humble/include  
[1.006s] -- Using RMW implementation 'rmw_fastrtps_cpp' as default
[1.015s] -- Looking for pthread.h
[1.083s] -- Looking for pthread.h - found
[1.083s] -- Performing Test CMAKE_HAVE_LIBC_PTHREAD
[1.143s] -- Performing Test CMAKE_HAVE_LIBC_PTHREAD - Success
[1.144s] -- Found Threads: TRUE  
[1.212s] -- Configuring incomplete, errors occurred!
[1.212s] See also "/home/zjh/unitree_go2_ws/build/helloworld/CMakeFiles/CMakeOutput.log".
[1.212s] [31mCMake Error at CMakeLists.txt:11 (find_package):
[1.212s]   By not providing "Findunitree_api.cmake" in CMAKE_MODULE_PATH this project
[1.212s]   has asked CMake to find a package configuration file provided by
[1.213s]   "unitree_api", but CMake did not find one.
[1.213s] 
[1.213s]   Could not find a package configuration file provided by "unitree_api" with
[1.213s]   any of the following names:
[1.213s] 
[1.213s]     unitree_apiConfig.cmake
[1.213s]     unitree_api-config.cmake
[1.213s] 
[1.213s]   Add the installation prefix of "unitree_api" to CMAKE_PREFIX_PATH or set
[1.213s]   "unitree_api_DIR" to a directory containing one of the above files.  If
[1.213s]   "unitree_api" provides a separate development package or SDK, be sure it
[1.213s]   has been installed.
[1.213s] 
[1.213s] [0m
[1.218s] Invoked command in '/home/zjh/unitree_go2_ws/build/helloworld' returned '1': CMAKE_PREFIX_PATH=/opt/ros/humble /usr/bin/cmake /home/zjh/unitree_go2_ws/src/helloworld/helloworld -DCMAKE_INSTALL_PREFIX=/home/zjh/unitree_go2_ws/install/helloworld
