[0.005s] Invoking command in '/home/zjh/unitree_go2_ws/build/helloworld': CMAKE_PREFIX_PATH=/opt/ros/humble /usr/bin/cmake /home/zjh/unitree_go2_ws/src/helloworld/helloworld -DCMAKE_INSTALL_PREFIX=/home/zjh/unitree_go2_ws/install/helloworld
[0.017s] -- Found ament_cmake: 1.3.12 (/opt/ros/humble/share/ament_cmake/cmake)
[0.112s] -- Found rclcpp: 16.0.14 (/opt/ros/humble/share/rclcpp/cmake)
[0.130s] -- Found rosidl_generator_c: 3.1.7 (/opt/ros/humble/share/rosidl_generator_c/cmake)
[0.131s] -- Found rosidl_adapter: 3.1.7 (/opt/ros/humble/share/rosidl_adapter/cmake)
[0.135s] -- Found rosidl_generator_cpp: 3.1.7 (/opt/ros/humble/share/rosidl_generator_cpp/cmake)
[0.141s] -- Using all available rosidl_typesupport_c: rosidl_typesupport_fastrtps_c;rosidl_typesupport_introspection_c
[0.150s] -- Using all available rosidl_typesupport_cpp: rosidl_typesupport_fastrtps_cpp;rosidl_typesupport_introspection_cpp
[0.171s] -- Found rmw_implementation_cmake: 6.1.2 (/opt/ros/humble/share/rmw_implementation_cmake/cmake)
[0.172s] -- Found rmw_fastrtps_cpp: 6.2.8 (/opt/ros/humble/share/rmw_fastrtps_cpp/cmake)
[0.236s] -- Using RMW implementation 'rmw_fastrtps_cpp' as default
[0.273s] -- Configuring incomplete, errors occurred!
[0.273s] See also "/home/zjh/unitree_go2_ws/build/helloworld/CMakeFiles/CMakeOutput.log".
[0.273s] [31mCMake Error at CMakeLists.txt:11 (find_package):
[0.273s]   By not providing "Findunitree_api.cmake" in CMAKE_MODULE_PATH this project
[0.273s]   has asked CMake to find a package configuration file provided by
[0.273s]   "unitree_api", but CMake did not find one.
[0.273s] 
[0.273s]   Could not find a package configuration file provided by "unitree_api" with
[0.273s]   any of the following names:
[0.273s] 
[0.273s]     unitree_apiConfig.cmake
[0.273s]     unitree_api-config.cmake
[0.273s] 
[0.273s]   Add the installation prefix of "unitree_api" to CMAKE_PREFIX_PATH or set
[0.273s]   "unitree_api_DIR" to a directory containing one of the above files.  If
[0.273s]   "unitree_api" provides a separate development package or SDK, be sure it
[0.273s]   has been installed.
[0.273s] 
[0.273s] [0m
[0.277s] Invoked command in '/home/zjh/unitree_go2_ws/build/helloworld' returned '1': CMAKE_PREFIX_PATH=/opt/ros/humble /usr/bin/cmake /home/zjh/unitree_go2_ws/src/helloworld/helloworld -DCMAKE_INSTALL_PREFIX=/home/zjh/unitree_go2_ws/install/helloworld
