[0.397s] Invoking command in '/home/zjh/unitree_go2_ws/src/base/go2_teleop_ctrl_keyboard': PYTHONPATH=/home/zjh/unitree_go2_ws/build/go2_teleop_ctrl_keyboard/prefix_override:/usr/lib/python3/dist-packages/colcon_core/task/python/colcon_distutils_commands:/home/zjh/unitree_go2_ws/install/go2_teleop_ctrl_keyboard/lib/python3.10/site-packages:${PYTHONPATH} /usr/bin/python3 -W ignore:setup.py install is deprecated -W ignore:easy_install command is deprecated setup.py egg_info --egg-base ../../../build/go2_teleop_ctrl_keyboard build --build-base /home/zjh/unitree_go2_ws/build/go2_teleop_ctrl_keyboard/build install --record /home/zjh/unitree_go2_ws/build/go2_teleop_ctrl_keyboard/install.log --single-version-externally-managed install_data
[0.552s] running egg_info
[0.553s] writing ../../../build/go2_teleop_ctrl_keyboard/go2_teleop_ctrl_keyboard.egg-info/PKG-INFO
[0.553s] writing dependency_links to ../../../build/go2_teleop_ctrl_keyboard/go2_teleop_ctrl_keyboard.egg-info/dependency_links.txt
[0.553s] writing entry points to ../../../build/go2_teleop_ctrl_keyboard/go2_teleop_ctrl_keyboard.egg-info/entry_points.txt
[0.553s] writing requirements to ../../../build/go2_teleop_ctrl_keyboard/go2_teleop_ctrl_keyboard.egg-info/requires.txt
[0.553s] writing top-level names to ../../../build/go2_teleop_ctrl_keyboard/go2_teleop_ctrl_keyboard.egg-info/top_level.txt
[0.554s] reading manifest file '../../../build/go2_teleop_ctrl_keyboard/go2_teleop_ctrl_keyboard.egg-info/SOURCES.txt'
[0.555s] writing manifest file '../../../build/go2_teleop_ctrl_keyboard/go2_teleop_ctrl_keyboard.egg-info/SOURCES.txt'
[0.555s] running build
[0.555s] running build_py
[0.555s] copying go2_teleop_ctrl_keyboard/go2_teleop_strl_keyboard.py -> /home/zjh/unitree_go2_ws/build/go2_teleop_ctrl_keyboard/build/lib/go2_teleop_ctrl_keyboard
[0.555s] running install
[0.555s] running install_lib
[0.556s] copying /home/zjh/unitree_go2_ws/build/go2_teleop_ctrl_keyboard/build/lib/go2_teleop_ctrl_keyboard/go2_teleop_strl_keyboard.py -> /home/zjh/unitree_go2_ws/install/go2_teleop_ctrl_keyboard/lib/python3.10/site-packages/go2_teleop_ctrl_keyboard
[0.556s] byte-compiling /home/zjh/unitree_go2_ws/install/go2_teleop_ctrl_keyboard/lib/python3.10/site-packages/go2_teleop_ctrl_keyboard/go2_teleop_strl_keyboard.py to go2_teleop_strl_keyboard.cpython-310.pyc
[0.556s] running install_data
[0.557s]   File "/home/zjh/unitree_go2_ws/install/go2_teleop_ctrl_keyboard/lib/python3.10/site-packages/go2_teleop_ctrl_keyboard/go2_teleop_strl_keyboard.py", line 56
[0.557s]     'h' = ROBOT_SPORT_API_IDS["HELLO"],
[0.557s]     ^^^
[0.557s] SyntaxError: cannot assign to literal here. Maybe you meant '==' instead of '='?
[0.557s] 
[0.557s] running install_egg_info
[0.558s] removing '/home/zjh/unitree_go2_ws/install/go2_teleop_ctrl_keyboard/lib/python3.10/site-packages/go2_teleop_ctrl_keyboard-0.0.0-py3.10.egg-info' (and everything under it)
[0.558s] Copying ../../../build/go2_teleop_ctrl_keyboard/go2_teleop_ctrl_keyboard.egg-info to /home/zjh/unitree_go2_ws/install/go2_teleop_ctrl_keyboard/lib/python3.10/site-packages/go2_teleop_ctrl_keyboard-0.0.0-py3.10.egg-info
[0.558s] running install_scripts
[0.572s] Installing go2_teleop_strl_keyboard script to /home/zjh/unitree_go2_ws/install/go2_teleop_ctrl_keyboard/lib/go2_teleop_ctrl_keyboard
[0.573s] writing list of installed files to '/home/zjh/unitree_go2_ws/build/go2_teleop_ctrl_keyboard/install.log'
[0.587s] Invoked command in '/home/zjh/unitree_go2_ws/src/base/go2_teleop_ctrl_keyboard' returned '0': PYTHONPATH=/home/zjh/unitree_go2_ws/build/go2_teleop_ctrl_keyboard/prefix_override:/usr/lib/python3/dist-packages/colcon_core/task/python/colcon_distutils_commands:/home/zjh/unitree_go2_ws/install/go2_teleop_ctrl_keyboard/lib/python3.10/site-packages:${PYTHONPATH} /usr/bin/python3 -W ignore:setup.py install is deprecated -W ignore:easy_install command is deprecated setup.py egg_info --egg-base ../../../build/go2_teleop_ctrl_keyboard build --build-base /home/zjh/unitree_go2_ws/build/go2_teleop_ctrl_keyboard/build install --record /home/zjh/unitree_go2_ws/build/go2_teleop_ctrl_keyboard/install.log --single-version-externally-managed install_data
