[0.146s] DEBUG:colcon:Command line arguments: ['/usr/bin/colcon', 'build', '--packages-select', 'go2_twist_bridge_py']
[0.146s] DEBUG:colcon:Parsed command line arguments: Namespace(log_base=None, log_level=None, verb_name='build', build_base='build', install_base='install', merge_install=False, symlink_install=False, test_result_base=None, continue_on_error=False, executor='parallel', parallel_workers=20, event_handlers=None, ignore_user_meta=False, metas=['./colcon.meta'], base_paths=['.'], packages_ignore=None, packages_ignore_regex=None, paths=None, packages_up_to=None, packages_up_to_regex=None, packages_above=None, packages_above_and_dependencies=None, packages_above_depth=None, packages_select_by_dep=None, packages_skip_by_dep=None, packages_skip_up_to=None, packages_select_build_failed=False, packages_skip_build_finished=False, packages_select_test_failures=False, packages_skip_test_passed=False, packages_select=['go2_twist_bridge_py'], packages_skip=None, packages_select_regex=None, packages_skip_regex=None, packages_start=None, packages_end=None, allow_overriding=[], cmake_args=None, cmake_target=None, cmake_target_skip_unavailable=False, cmake_clean_cache=False, cmake_clean_first=False, cmake_force_configure=False, ament_cmake_args=None, catkin_cmake_args=None, catkin_skip_building_tests=False, verb_parser=<colcon_defaults.argument_parser.defaults.DefaultArgumentsDecorator object at 0x76adb6d1fe80>, verb_extension=<colcon_core.verb.build.BuildVerb object at 0x76adb6d1f040>, main=<bound method BuildVerb.main of <colcon_core.verb.build.BuildVerb object at 0x76adb6d1f040>>)
[0.334s] Level 1:colcon.colcon_core.package_discovery:discover_packages(colcon_meta) check parameters
[0.335s] Level 1:colcon.colcon_core.package_discovery:discover_packages(recursive) check parameters
[0.335s] Level 1:colcon.colcon_core.package_discovery:discover_packages(ignore) check parameters
[0.335s] Level 1:colcon.colcon_core.package_discovery:discover_packages(path) check parameters
[0.335s] Level 1:colcon.colcon_core.package_discovery:discover_packages(colcon_meta) discover
[0.335s] Level 1:colcon.colcon_core.package_discovery:discover_packages(recursive) discover
[0.335s] INFO:colcon.colcon_core.package_discovery:Crawling recursively for packages in '/home/zjh/unitree_go2_ws'
[0.335s] Level 1:colcon.colcon_core.package_identification:_identify(.) by extensions ['ignore', 'ignore_ament_install']
[0.335s] Level 1:colcon.colcon_core.package_identification:_identify(.) by extension 'ignore'
[0.335s] Level 1:colcon.colcon_core.package_identification:_identify(.) by extension 'ignore_ament_install'
[0.335s] Level 1:colcon.colcon_core.package_identification:_identify(.) by extensions ['colcon_pkg']
[0.335s] Level 1:colcon.colcon_core.package_identification:_identify(.) by extension 'colcon_pkg'
[0.335s] Level 1:colcon.colcon_core.package_identification:_identify(.) by extensions ['colcon_meta']
[0.335s] Level 1:colcon.colcon_core.package_identification:_identify(.) by extension 'colcon_meta'
[0.335s] Level 1:colcon.colcon_core.package_identification:_identify(.) by extensions ['ros']
[0.335s] Level 1:colcon.colcon_core.package_identification:_identify(.) by extension 'ros'
[0.345s] Level 1:colcon.colcon_core.package_identification:_identify(.) by extensions ['cmake', 'python']
[0.345s] Level 1:colcon.colcon_core.package_identification:_identify(.) by extension 'cmake'
[0.345s] Level 1:colcon.colcon_core.package_identification:_identify(.) by extension 'python'
[0.345s] Level 1:colcon.colcon_core.package_identification:_identify(.) by extensions ['python_setup_py']
[0.345s] Level 1:colcon.colcon_core.package_identification:_identify(.) by extension 'python_setup_py'
[0.345s] Level 1:colcon.colcon_core.package_identification:_identify(build) by extensions ['ignore', 'ignore_ament_install']
[0.345s] Level 1:colcon.colcon_core.package_identification:_identify(build) by extension 'ignore'
[0.345s] Level 1:colcon.colcon_core.package_identification:_identify(build) ignored
[0.346s] Level 1:colcon.colcon_core.package_identification:_identify(install) by extensions ['ignore', 'ignore_ament_install']
[0.346s] Level 1:colcon.colcon_core.package_identification:_identify(install) by extension 'ignore'
[0.346s] Level 1:colcon.colcon_core.package_identification:_identify(install) ignored
[0.346s] Level 1:colcon.colcon_core.package_identification:_identify(log) by extensions ['ignore', 'ignore_ament_install']
[0.346s] Level 1:colcon.colcon_core.package_identification:_identify(log) by extension 'ignore'
[0.346s] Level 1:colcon.colcon_core.package_identification:_identify(log) ignored
[0.346s] Level 1:colcon.colcon_core.package_identification:_identify(src) by extensions ['ignore', 'ignore_ament_install']
[0.346s] Level 1:colcon.colcon_core.package_identification:_identify(src) by extension 'ignore'
[0.346s] Level 1:colcon.colcon_core.package_identification:_identify(src) by extension 'ignore_ament_install'
[0.346s] Level 1:colcon.colcon_core.package_identification:_identify(src) by extensions ['colcon_pkg']
[0.346s] Level 1:colcon.colcon_core.package_identification:_identify(src) by extension 'colcon_pkg'
[0.346s] Level 1:colcon.colcon_core.package_identification:_identify(src) by extensions ['colcon_meta']
[0.346s] Level 1:colcon.colcon_core.package_identification:_identify(src) by extension 'colcon_meta'
[0.346s] Level 1:colcon.colcon_core.package_identification:_identify(src) by extensions ['ros']
[0.346s] Level 1:colcon.colcon_core.package_identification:_identify(src) by extension 'ros'
[0.346s] Level 1:colcon.colcon_core.package_identification:_identify(src) by extensions ['cmake', 'python']
[0.346s] Level 1:colcon.colcon_core.package_identification:_identify(src) by extension 'cmake'
[0.346s] Level 1:colcon.colcon_core.package_identification:_identify(src) by extension 'python'
[0.346s] Level 1:colcon.colcon_core.package_identification:_identify(src) by extensions ['python_setup_py']
[0.346s] Level 1:colcon.colcon_core.package_identification:_identify(src) by extension 'python_setup_py'
[0.346s] Level 1:colcon.colcon_core.package_identification:_identify(src/base) by extensions ['ignore', 'ignore_ament_install']
[0.346s] Level 1:colcon.colcon_core.package_identification:_identify(src/base) by extension 'ignore'
[0.346s] Level 1:colcon.colcon_core.package_identification:_identify(src/base) by extension 'ignore_ament_install'
[0.346s] Level 1:colcon.colcon_core.package_identification:_identify(src/base) by extensions ['colcon_pkg']
[0.346s] Level 1:colcon.colcon_core.package_identification:_identify(src/base) by extension 'colcon_pkg'
[0.346s] Level 1:colcon.colcon_core.package_identification:_identify(src/base) by extensions ['colcon_meta']
[0.346s] Level 1:colcon.colcon_core.package_identification:_identify(src/base) by extension 'colcon_meta'
[0.346s] Level 1:colcon.colcon_core.package_identification:_identify(src/base) by extensions ['ros']
[0.346s] Level 1:colcon.colcon_core.package_identification:_identify(src/base) by extension 'ros'
[0.346s] Level 1:colcon.colcon_core.package_identification:_identify(src/base) by extensions ['cmake', 'python']
[0.346s] Level 1:colcon.colcon_core.package_identification:_identify(src/base) by extension 'cmake'
[0.346s] Level 1:colcon.colcon_core.package_identification:_identify(src/base) by extension 'python'
[0.346s] Level 1:colcon.colcon_core.package_identification:_identify(src/base) by extensions ['python_setup_py']
[0.346s] Level 1:colcon.colcon_core.package_identification:_identify(src/base) by extension 'python_setup_py'
[0.346s] Level 1:colcon.colcon_core.package_identification:_identify(src/base/go2_teleop_ctrl_keyboard) by extensions ['ignore', 'ignore_ament_install']
[0.347s] Level 1:colcon.colcon_core.package_identification:_identify(src/base/go2_teleop_ctrl_keyboard) by extension 'ignore'
[0.347s] Level 1:colcon.colcon_core.package_identification:_identify(src/base/go2_teleop_ctrl_keyboard) by extension 'ignore_ament_install'
[0.347s] Level 1:colcon.colcon_core.package_identification:_identify(src/base/go2_teleop_ctrl_keyboard) by extensions ['colcon_pkg']
[0.347s] Level 1:colcon.colcon_core.package_identification:_identify(src/base/go2_teleop_ctrl_keyboard) by extension 'colcon_pkg'
[0.347s] Level 1:colcon.colcon_core.package_identification:_identify(src/base/go2_teleop_ctrl_keyboard) by extensions ['colcon_meta']
[0.347s] Level 1:colcon.colcon_core.package_identification:_identify(src/base/go2_teleop_ctrl_keyboard) by extension 'colcon_meta'
[0.347s] Level 1:colcon.colcon_core.package_identification:_identify(src/base/go2_teleop_ctrl_keyboard) by extensions ['ros']
[0.347s] Level 1:colcon.colcon_core.package_identification:_identify(src/base/go2_teleop_ctrl_keyboard) by extension 'ros'
[0.349s] DEBUG:colcon.colcon_core.package_identification:Package 'src/base/go2_teleop_ctrl_keyboard' with type 'ros.ament_python' and name 'go2_teleop_ctrl_keyboard'
[0.349s] Level 1:colcon.colcon_core.package_identification:_identify(src/base/go2_twist_bridge) by extensions ['ignore', 'ignore_ament_install']
[0.350s] Level 1:colcon.colcon_core.package_identification:_identify(src/base/go2_twist_bridge) by extension 'ignore'
[0.350s] Level 1:colcon.colcon_core.package_identification:_identify(src/base/go2_twist_bridge) by extension 'ignore_ament_install'
[0.350s] Level 1:colcon.colcon_core.package_identification:_identify(src/base/go2_twist_bridge) by extensions ['colcon_pkg']
[0.350s] Level 1:colcon.colcon_core.package_identification:_identify(src/base/go2_twist_bridge) by extension 'colcon_pkg'
[0.350s] Level 1:colcon.colcon_core.package_identification:_identify(src/base/go2_twist_bridge) by extensions ['colcon_meta']
[0.350s] Level 1:colcon.colcon_core.package_identification:_identify(src/base/go2_twist_bridge) by extension 'colcon_meta'
[0.350s] Level 1:colcon.colcon_core.package_identification:_identify(src/base/go2_twist_bridge) by extensions ['ros']
[0.350s] Level 1:colcon.colcon_core.package_identification:_identify(src/base/go2_twist_bridge) by extension 'ros'
[0.350s] DEBUG:colcon.colcon_core.package_identification:Package 'src/base/go2_twist_bridge' with type 'ros.ament_cmake' and name 'go2_twist_bridge'
[0.351s] Level 1:colcon.colcon_core.package_identification:_identify(src/base/go2_twist_bridge_py) by extensions ['ignore', 'ignore_ament_install']
[0.351s] Level 1:colcon.colcon_core.package_identification:_identify(src/base/go2_twist_bridge_py) by extension 'ignore'
[0.351s] Level 1:colcon.colcon_core.package_identification:_identify(src/base/go2_twist_bridge_py) by extension 'ignore_ament_install'
[0.351s] Level 1:colcon.colcon_core.package_identification:_identify(src/base/go2_twist_bridge_py) by extensions ['colcon_pkg']
[0.351s] Level 1:colcon.colcon_core.package_identification:_identify(src/base/go2_twist_bridge_py) by extension 'colcon_pkg'
[0.351s] Level 1:colcon.colcon_core.package_identification:_identify(src/base/go2_twist_bridge_py) by extensions ['colcon_meta']
[0.351s] Level 1:colcon.colcon_core.package_identification:_identify(src/base/go2_twist_bridge_py) by extension 'colcon_meta'
[0.351s] Level 1:colcon.colcon_core.package_identification:_identify(src/base/go2_twist_bridge_py) by extensions ['ros']
[0.351s] Level 1:colcon.colcon_core.package_identification:_identify(src/base/go2_twist_bridge_py) by extension 'ros'
[0.351s] DEBUG:colcon.colcon_core.package_identification:Package 'src/base/go2_twist_bridge_py' with type 'ros.ament_python' and name 'go2_twist_bridge_py'
[0.352s] Level 1:colcon.colcon_core.package_identification:_identify(src/helloworld) by extensions ['ignore', 'ignore_ament_install']
[0.352s] Level 1:colcon.colcon_core.package_identification:_identify(src/helloworld) by extension 'ignore'
[0.352s] Level 1:colcon.colcon_core.package_identification:_identify(src/helloworld) by extension 'ignore_ament_install'
[0.352s] Level 1:colcon.colcon_core.package_identification:_identify(src/helloworld) by extensions ['colcon_pkg']
[0.352s] Level 1:colcon.colcon_core.package_identification:_identify(src/helloworld) by extension 'colcon_pkg'
[0.352s] Level 1:colcon.colcon_core.package_identification:_identify(src/helloworld) by extensions ['colcon_meta']
[0.352s] Level 1:colcon.colcon_core.package_identification:_identify(src/helloworld) by extension 'colcon_meta'
[0.352s] Level 1:colcon.colcon_core.package_identification:_identify(src/helloworld) by extensions ['ros']
[0.352s] Level 1:colcon.colcon_core.package_identification:_identify(src/helloworld) by extension 'ros'
[0.352s] Level 1:colcon.colcon_core.package_identification:_identify(src/helloworld) by extensions ['cmake', 'python']
[0.352s] Level 1:colcon.colcon_core.package_identification:_identify(src/helloworld) by extension 'cmake'
[0.352s] Level 1:colcon.colcon_core.package_identification:_identify(src/helloworld) by extension 'python'
[0.352s] Level 1:colcon.colcon_core.package_identification:_identify(src/helloworld) by extensions ['python_setup_py']
[0.352s] Level 1:colcon.colcon_core.package_identification:_identify(src/helloworld) by extension 'python_setup_py'
[0.352s] Level 1:colcon.colcon_core.package_identification:_identify(src/helloworld/helloworld) by extensions ['ignore', 'ignore_ament_install']
[0.352s] Level 1:colcon.colcon_core.package_identification:_identify(src/helloworld/helloworld) by extension 'ignore'
[0.352s] Level 1:colcon.colcon_core.package_identification:_identify(src/helloworld/helloworld) by extension 'ignore_ament_install'
[0.352s] Level 1:colcon.colcon_core.package_identification:_identify(src/helloworld/helloworld) by extensions ['colcon_pkg']
[0.352s] Level 1:colcon.colcon_core.package_identification:_identify(src/helloworld/helloworld) by extension 'colcon_pkg'
[0.352s] Level 1:colcon.colcon_core.package_identification:_identify(src/helloworld/helloworld) by extensions ['colcon_meta']
[0.352s] Level 1:colcon.colcon_core.package_identification:_identify(src/helloworld/helloworld) by extension 'colcon_meta'
[0.352s] Level 1:colcon.colcon_core.package_identification:_identify(src/helloworld/helloworld) by extensions ['ros']
[0.352s] Level 1:colcon.colcon_core.package_identification:_identify(src/helloworld/helloworld) by extension 'ros'
[0.353s] DEBUG:colcon.colcon_core.package_identification:Package 'src/helloworld/helloworld' with type 'ros.ament_cmake' and name 'helloworld'
[0.353s] Level 1:colcon.colcon_core.package_identification:_identify(src/tutorial) by extensions ['ignore', 'ignore_ament_install']
[0.353s] Level 1:colcon.colcon_core.package_identification:_identify(src/tutorial) by extension 'ignore'
[0.353s] Level 1:colcon.colcon_core.package_identification:_identify(src/tutorial) by extension 'ignore_ament_install'
[0.353s] Level 1:colcon.colcon_core.package_identification:_identify(src/tutorial) by extensions ['colcon_pkg']
[0.353s] Level 1:colcon.colcon_core.package_identification:_identify(src/tutorial) by extension 'colcon_pkg'
[0.353s] Level 1:colcon.colcon_core.package_identification:_identify(src/tutorial) by extensions ['colcon_meta']
[0.353s] Level 1:colcon.colcon_core.package_identification:_identify(src/tutorial) by extension 'colcon_meta'
[0.353s] Level 1:colcon.colcon_core.package_identification:_identify(src/tutorial) by extensions ['ros']
[0.353s] Level 1:colcon.colcon_core.package_identification:_identify(src/tutorial) by extension 'ros'
[0.353s] Level 1:colcon.colcon_core.package_identification:_identify(src/tutorial) by extensions ['cmake', 'python']
[0.353s] Level 1:colcon.colcon_core.package_identification:_identify(src/tutorial) by extension 'cmake'
[0.353s] Level 1:colcon.colcon_core.package_identification:_identify(src/tutorial) by extension 'python'
[0.353s] Level 1:colcon.colcon_core.package_identification:_identify(src/tutorial) by extensions ['python_setup_py']
[0.353s] Level 1:colcon.colcon_core.package_identification:_identify(src/tutorial) by extension 'python_setup_py'
[0.353s] Level 1:colcon.colcon_core.package_discovery:discover_packages(recursive) using defaults
[0.353s] Level 1:colcon.colcon_core.package_discovery:discover_packages(ignore) discover
[0.353s] Level 1:colcon.colcon_core.package_discovery:discover_packages(ignore) using defaults
[0.353s] Level 1:colcon.colcon_core.package_discovery:discover_packages(path) discover
[0.353s] Level 1:colcon.colcon_core.package_discovery:discover_packages(path) using defaults
[0.372s] INFO:colcon.colcon_core.package_selection:Skipping not selected package 'go2_teleop_ctrl_keyboard' in 'src/base/go2_teleop_ctrl_keyboard'
[0.372s] INFO:colcon.colcon_core.package_selection:Skipping not selected package 'go2_twist_bridge' in 'src/base/go2_twist_bridge'
[0.372s] INFO:colcon.colcon_core.package_selection:Skipping not selected package 'helloworld' in 'src/helloworld/helloworld'
[0.373s] Level 1:colcon.colcon_core.package_discovery:discover_packages(prefix_path) check parameters
[0.373s] Level 1:colcon.colcon_core.package_discovery:discover_packages(prefix_path) discover
[0.375s] DEBUG:colcon.colcon_installed_package_information.package_discovery:Found 5 installed packages in /home/zjh/unitree_ros2/cyclonedds_ws/install
[0.376s] DEBUG:colcon.colcon_installed_package_information.package_discovery:Found 273 installed packages in /opt/ros/humble
[0.382s] Level 1:colcon.colcon_core.package_discovery:discover_packages(prefix_path) using defaults
[0.408s] Level 5:colcon.colcon_core.verb:set package 'go2_twist_bridge_py' build argument 'cmake_args' from command line to 'None'
[0.408s] Level 5:colcon.colcon_core.verb:set package 'go2_twist_bridge_py' build argument 'cmake_target' from command line to 'None'
[0.408s] Level 5:colcon.colcon_core.verb:set package 'go2_twist_bridge_py' build argument 'cmake_target_skip_unavailable' from command line to 'False'
[0.408s] Level 5:colcon.colcon_core.verb:set package 'go2_twist_bridge_py' build argument 'cmake_clean_cache' from command line to 'False'
[0.408s] Level 5:colcon.colcon_core.verb:set package 'go2_twist_bridge_py' build argument 'cmake_clean_first' from command line to 'False'
[0.408s] Level 5:colcon.colcon_core.verb:set package 'go2_twist_bridge_py' build argument 'cmake_force_configure' from command line to 'False'
[0.408s] Level 5:colcon.colcon_core.verb:set package 'go2_twist_bridge_py' build argument 'ament_cmake_args' from command line to 'None'
[0.408s] Level 5:colcon.colcon_core.verb:set package 'go2_twist_bridge_py' build argument 'catkin_cmake_args' from command line to 'None'
[0.408s] Level 5:colcon.colcon_core.verb:set package 'go2_twist_bridge_py' build argument 'catkin_skip_building_tests' from command line to 'False'
[0.408s] DEBUG:colcon.colcon_core.verb:Building package 'go2_twist_bridge_py' with the following arguments: {'ament_cmake_args': None, 'build_base': '/home/zjh/unitree_go2_ws/build/go2_twist_bridge_py', 'catkin_cmake_args': None, 'catkin_skip_building_tests': False, 'cmake_args': None, 'cmake_clean_cache': False, 'cmake_clean_first': False, 'cmake_force_configure': False, 'cmake_target': None, 'cmake_target_skip_unavailable': False, 'install_base': '/home/zjh/unitree_go2_ws/install/go2_twist_bridge_py', 'merge_install': False, 'path': '/home/zjh/unitree_go2_ws/src/base/go2_twist_bridge_py', 'symlink_install': False, 'test_result_base': None}
[0.408s] INFO:colcon.colcon_core.executor:Executing jobs using 'parallel' executor
[0.409s] DEBUG:colcon.colcon_parallel_executor.executor.parallel:run_until_complete
[0.409s] INFO:colcon.colcon_ros.task.ament_python.build:Building ROS package in '/home/zjh/unitree_go2_ws/src/base/go2_twist_bridge_py' with build type 'ament_python'
[0.409s] Level 1:colcon.colcon_core.shell:create_environment_hook('go2_twist_bridge_py', 'ament_prefix_path')
[0.412s] INFO:colcon.colcon_core.plugin_system:Skipping extension 'colcon_core.shell.bat': Not used on non-Windows systems
[0.412s] INFO:colcon.colcon_core.shell:Creating environment hook '/home/zjh/unitree_go2_ws/install/go2_twist_bridge_py/share/go2_twist_bridge_py/hook/ament_prefix_path.ps1'
[0.413s] INFO:colcon.colcon_core.shell:Creating environment descriptor '/home/zjh/unitree_go2_ws/install/go2_twist_bridge_py/share/go2_twist_bridge_py/hook/ament_prefix_path.dsv'
[0.414s] INFO:colcon.colcon_core.shell:Creating environment hook '/home/zjh/unitree_go2_ws/install/go2_twist_bridge_py/share/go2_twist_bridge_py/hook/ament_prefix_path.sh'
[0.414s] INFO:colcon.colcon_core.shell:Skip shell extension 'powershell' for command environment: Not usable outside of PowerShell
[0.414s] DEBUG:colcon.colcon_core.shell:Skip shell extension 'dsv' for command environment
[0.570s] INFO:colcon.colcon_core.task.python.build:Building Python package in '/home/zjh/unitree_go2_ws/src/base/go2_twist_bridge_py'
[0.570s] INFO:colcon.colcon_core.shell:Skip shell extension 'powershell' for command environment: Not usable outside of PowerShell
[0.570s] DEBUG:colcon.colcon_core.shell:Skip shell extension 'dsv' for command environment
[0.809s] DEBUG:colcon.colcon_core.event_handler.log_command:Invoking command in '/home/zjh/unitree_go2_ws/src/base/go2_twist_bridge_py': PYTHONPATH=/home/zjh/unitree_go2_ws/build/go2_twist_bridge_py/prefix_override:/usr/lib/python3/dist-packages/colcon_core/task/python/colcon_distutils_commands:/home/zjh/unitree_go2_ws/install/go2_twist_bridge_py/lib/python3.10/site-packages:${PYTHONPATH} /usr/bin/python3 -W ignore:setup.py install is deprecated -W ignore:easy_install command is deprecated setup.py egg_info --egg-base ../../../build/go2_twist_bridge_py build --build-base /home/zjh/unitree_go2_ws/build/go2_twist_bridge_py/build install --record /home/zjh/unitree_go2_ws/build/go2_twist_bridge_py/install.log --single-version-externally-managed install_data
[0.983s] DEBUG:colcon.colcon_core.event_handler.log_command:Invoked command in '/home/zjh/unitree_go2_ws/src/base/go2_twist_bridge_py' returned '0': PYTHONPATH=/home/zjh/unitree_go2_ws/build/go2_twist_bridge_py/prefix_override:/usr/lib/python3/dist-packages/colcon_core/task/python/colcon_distutils_commands:/home/zjh/unitree_go2_ws/install/go2_twist_bridge_py/lib/python3.10/site-packages:${PYTHONPATH} /usr/bin/python3 -W ignore:setup.py install is deprecated -W ignore:easy_install command is deprecated setup.py egg_info --egg-base ../../../build/go2_twist_bridge_py build --build-base /home/zjh/unitree_go2_ws/build/go2_twist_bridge_py/build install --record /home/zjh/unitree_go2_ws/build/go2_twist_bridge_py/install.log --single-version-externally-managed install_data
[0.988s] Level 1:colcon.colcon_core.environment:checking '/home/zjh/unitree_go2_ws/install/go2_twist_bridge_py' for CMake module files
[0.989s] Level 1:colcon.colcon_core.environment:checking '/home/zjh/unitree_go2_ws/install/go2_twist_bridge_py' for CMake config files
[0.989s] Level 1:colcon.colcon_core.environment:checking '/home/zjh/unitree_go2_ws/install/go2_twist_bridge_py/lib'
[0.990s] Level 1:colcon.colcon_core.environment:checking '/home/zjh/unitree_go2_ws/install/go2_twist_bridge_py/bin'
[0.990s] Level 1:colcon.colcon_core.environment:checking '/home/zjh/unitree_go2_ws/install/go2_twist_bridge_py/lib/pkgconfig/go2_twist_bridge_py.pc'
[0.990s] Level 1:colcon.colcon_core.environment:checking '/home/zjh/unitree_go2_ws/install/go2_twist_bridge_py/lib/python3.10/site-packages'
[0.990s] Level 1:colcon.colcon_core.shell:create_environment_hook('go2_twist_bridge_py', 'pythonpath')
[0.990s] INFO:colcon.colcon_core.shell:Creating environment hook '/home/zjh/unitree_go2_ws/install/go2_twist_bridge_py/share/go2_twist_bridge_py/hook/pythonpath.ps1'
[0.990s] INFO:colcon.colcon_core.shell:Creating environment descriptor '/home/zjh/unitree_go2_ws/install/go2_twist_bridge_py/share/go2_twist_bridge_py/hook/pythonpath.dsv'
[0.991s] INFO:colcon.colcon_core.shell:Creating environment hook '/home/zjh/unitree_go2_ws/install/go2_twist_bridge_py/share/go2_twist_bridge_py/hook/pythonpath.sh'
[0.991s] Level 1:colcon.colcon_core.environment:checking '/home/zjh/unitree_go2_ws/install/go2_twist_bridge_py/bin'
[0.991s] Level 1:colcon.colcon_core.environment:create_environment_scripts_only(go2_twist_bridge_py)
[0.991s] INFO:colcon.colcon_core.shell:Creating package script '/home/zjh/unitree_go2_ws/install/go2_twist_bridge_py/share/go2_twist_bridge_py/package.ps1'
[0.992s] INFO:colcon.colcon_core.shell:Creating package descriptor '/home/zjh/unitree_go2_ws/install/go2_twist_bridge_py/share/go2_twist_bridge_py/package.dsv'
[0.992s] INFO:colcon.colcon_core.shell:Creating package script '/home/zjh/unitree_go2_ws/install/go2_twist_bridge_py/share/go2_twist_bridge_py/package.sh'
[0.993s] INFO:colcon.colcon_core.shell:Creating package script '/home/zjh/unitree_go2_ws/install/go2_twist_bridge_py/share/go2_twist_bridge_py/package.bash'
[0.994s] INFO:colcon.colcon_core.shell:Creating package script '/home/zjh/unitree_go2_ws/install/go2_twist_bridge_py/share/go2_twist_bridge_py/package.zsh'
[0.994s] Level 1:colcon.colcon_core.environment:create_file_with_runtime_dependencies(/home/zjh/unitree_go2_ws/install/go2_twist_bridge_py/share/colcon-core/packages/go2_twist_bridge_py)
[0.994s] DEBUG:colcon.colcon_parallel_executor.executor.parallel:closing loop
[0.995s] DEBUG:colcon.colcon_parallel_executor.executor.parallel:loop closed
[0.995s] DEBUG:colcon.colcon_parallel_executor.executor.parallel:run_until_complete finished with '0'
[0.995s] DEBUG:colcon.colcon_core.event_reactor:joining thread
[0.999s] INFO:colcon.colcon_core.plugin_system:Skipping extension 'colcon_notification.desktop_notification.terminal_notifier': Not used on non-Darwin systems
[0.999s] INFO:colcon.colcon_core.plugin_system:Skipping extension 'colcon_notification.desktop_notification.win32': Not used on non-Windows systems
[0.999s] INFO:colcon.colcon_notification.desktop_notification:Sending desktop notification using 'notify2'
[1.020s] DEBUG:colcon.colcon_core.event_reactor:joined thread
[1.021s] INFO:colcon.colcon_core.shell:Creating prefix script '/home/zjh/unitree_go2_ws/install/local_setup.ps1'
[1.022s] INFO:colcon.colcon_core.shell:Creating prefix util module '/home/zjh/unitree_go2_ws/install/_local_setup_util_ps1.py'
[1.024s] INFO:colcon.colcon_core.shell:Creating prefix chain script '/home/zjh/unitree_go2_ws/install/setup.ps1'
[1.026s] INFO:colcon.colcon_core.shell:Creating prefix script '/home/zjh/unitree_go2_ws/install/local_setup.sh'
[1.027s] INFO:colcon.colcon_core.shell:Creating prefix util module '/home/zjh/unitree_go2_ws/install/_local_setup_util_sh.py'
[1.028s] INFO:colcon.colcon_core.shell:Creating prefix chain script '/home/zjh/unitree_go2_ws/install/setup.sh'
[1.029s] INFO:colcon.colcon_core.shell:Creating prefix script '/home/zjh/unitree_go2_ws/install/local_setup.bash'
[1.029s] INFO:colcon.colcon_core.shell:Creating prefix chain script '/home/zjh/unitree_go2_ws/install/setup.bash'
[1.031s] INFO:colcon.colcon_core.shell:Creating prefix script '/home/zjh/unitree_go2_ws/install/local_setup.zsh'
[1.031s] INFO:colcon.colcon_core.shell:Creating prefix chain script '/home/zjh/unitree_go2_ws/install/setup.zsh'
