running egg_info
creating ../../../build/go2_twist_bridge_py/go2_twist_bridge_py.egg-info
writing ../../../build/go2_twist_bridge_py/go2_twist_bridge_py.egg-info/PKG-INFO
writing dependency_links to ../../../build/go2_twist_bridge_py/go2_twist_bridge_py.egg-info/dependency_links.txt
writing entry points to ../../../build/go2_twist_bridge_py/go2_twist_bridge_py.egg-info/entry_points.txt
writing requirements to ../../../build/go2_twist_bridge_py/go2_twist_bridge_py.egg-info/requires.txt
writing top-level names to ../../../build/go2_twist_bridge_py/go2_twist_bridge_py.egg-info/top_level.txt
writing manifest file '../../../build/go2_twist_bridge_py/go2_twist_bridge_py.egg-info/SOURCES.txt'
reading manifest file '../../../build/go2_twist_bridge_py/go2_twist_bridge_py.egg-info/SOURCES.txt'
writing manifest file '../../../build/go2_twist_bridge_py/go2_twist_bridge_py.egg-info/SOURCES.txt'
running build
running build_py
creating /home/zjh/unitree_go2_ws/build/go2_twist_bridge_py/build
creating /home/zjh/unitree_go2_ws/build/go2_twist_bridge_py/build/lib
creating /home/zjh/unitree_go2_ws/build/go2_twist_bridge_py/build/lib/go2_twist_bridge_py
copying go2_twist_bridge_py/__init__.py -> /home/zjh/unitree_go2_ws/build/go2_twist_bridge_py/build/lib/go2_twist_bridge_py
copying go2_twist_bridge_py/sport_model.py -> /home/zjh/unitree_go2_ws/build/go2_twist_bridge_py/build/lib/go2_twist_bridge_py
copying go2_twist_bridge_py/twist_bridge.py -> /home/zjh/unitree_go2_ws/build/go2_twist_bridge_py/build/lib/go2_twist_bridge_py
running install
running install_lib
creating /home/zjh/unitree_go2_ws/install/go2_twist_bridge_py/lib/python3.10/site-packages/go2_twist_bridge_py
copying /home/zjh/unitree_go2_ws/build/go2_twist_bridge_py/build/lib/go2_twist_bridge_py/__init__.py -> /home/zjh/unitree_go2_ws/install/go2_twist_bridge_py/lib/python3.10/site-packages/go2_twist_bridge_py
copying /home/zjh/unitree_go2_ws/build/go2_twist_bridge_py/build/lib/go2_twist_bridge_py/sport_model.py -> /home/zjh/unitree_go2_ws/install/go2_twist_bridge_py/lib/python3.10/site-packages/go2_twist_bridge_py
copying /home/zjh/unitree_go2_ws/build/go2_twist_bridge_py/build/lib/go2_twist_bridge_py/twist_bridge.py -> /home/zjh/unitree_go2_ws/install/go2_twist_bridge_py/lib/python3.10/site-packages/go2_twist_bridge_py
byte-compiling /home/zjh/unitree_go2_ws/install/go2_twist_bridge_py/lib/python3.10/site-packages/go2_twist_bridge_py/__init__.py to __init__.cpython-310.pyc
byte-compiling /home/zjh/unitree_go2_ws/install/go2_twist_bridge_py/lib/python3.10/site-packages/go2_twist_bridge_py/sport_model.py to sport_model.cpython-310.pyc
byte-compiling /home/zjh/unitree_go2_ws/install/go2_twist_bridge_py/lib/python3.10/site-packages/go2_twist_bridge_py/twist_bridge.py to twist_bridge.cpython-310.pyc
running install_data
creating /home/zjh/unitree_go2_ws/install/go2_twist_bridge_py/share/ament_index
creating /home/zjh/unitree_go2_ws/install/go2_twist_bridge_py/share/ament_index/resource_index
creating /home/zjh/unitree_go2_ws/install/go2_twist_bridge_py/share/ament_index/resource_index/packages
copying resource/go2_twist_bridge_py -> /home/zjh/unitree_go2_ws/install/go2_twist_bridge_py/share/ament_index/resource_index/packages
copying package.xml -> /home/zjh/unitree_go2_ws/install/go2_twist_bridge_py/share/go2_twist_bridge_py
running install_egg_info
Copying ../../../build/go2_twist_bridge_py/go2_twist_bridge_py.egg-info to /home/zjh/unitree_go2_ws/install/go2_twist_bridge_py/lib/python3.10/site-packages/go2_twist_bridge_py-0.0.0-py3.10.egg-info
running install_scripts
Installing twist_bridge script to /home/zjh/unitree_go2_ws/install/go2_twist_bridge_py/lib/go2_twist_bridge_py
writing list of installed files to '/home/zjh/unitree_go2_ws/build/go2_twist_bridge_py/install.log'
