[0.007s] Invoking command in '/home/zjh/unitree_go2_ws/build/go2_twist_bridge': CMAKE_PREFIX_PATH=${CMAKE_PREFIX_PATH}:/home/zjh/unitree_go2_ws/install/go2_teleop_ctrl_keyboard:/opt/ros/humble /usr/bin/cmake /home/zjh/unitree_go2_ws/src/base/go2_twist_bridge -DCMAKE_INSTALL_PREFIX=/home/zjh/unitree_go2_ws/install/go2_twist_bridge
[0.139s] -- The C compiler identification is GNU 11.4.0
[0.231s] -- The CXX compiler identification is GNU 11.4.0
[0.248s] -- Detecting C compiler ABI info
[0.352s] -- Detecting C compiler ABI info - done
[0.359s] -- Check for working C compiler: /usr/bin/cc - skipped
[0.359s] -- Detecting C compile features
[0.360s] -- Detecting C compile features - done
[0.365s] -- Detecting CXX compiler ABI info
[0.454s] -- Detecting CXX compiler ABI info - done
[0.459s] -- Check for working CXX compiler: /usr/bin/c++ - skipped
[0.459s] -- Detecting CXX compile features
[0.459s] -- Detecting CXX compile features - done
[0.466s] -- Found ament_cmake: 1.3.12 (/opt/ros/humble/share/ament_cmake/cmake)
[0.588s] -- Found Python3: /usr/bin/python3 (found version "3.10.12") found components: Interpreter 
[0.675s] -- Found rclcpp: 16.0.14 (/opt/ros/humble/share/rclcpp/cmake)
[0.746s] -- Found rosidl_generator_c: 3.1.7 (/opt/ros/humble/share/rosidl_generator_c/cmake)
[0.752s] -- Found rosidl_adapter: 3.1.7 (/opt/ros/humble/share/rosidl_adapter/cmake)
[0.766s] -- Found rosidl_generator_cpp: 3.1.7 (/opt/ros/humble/share/rosidl_generator_cpp/cmake)
[0.788s] -- Using all available rosidl_typesupport_c: rosidl_typesupport_fastrtps_c;rosidl_typesupport_introspection_c
[0.806s] -- Using all available rosidl_typesupport_cpp: rosidl_typesupport_fastrtps_cpp;rosidl_typesupport_introspection_cpp
[0.858s] -- Found rmw_implementation_cmake: 6.1.2 (/opt/ros/humble/share/rmw_implementation_cmake/cmake)
[0.861s] -- Found rmw_cyclonedds_cpp: 1.3.4 (/home/zjh/unitree_ros2/cyclonedds_ws/install/rmw_cyclonedds_cpp/share/rmw_cyclonedds_cpp/cmake)
[0.884s] -- Using RMW implementation 'rmw_cyclonedds_cpp' as default
[0.893s] -- Looking for pthread.h
[0.976s] -- Looking for pthread.h - found
[0.977s] -- Performing Test CMAKE_HAVE_LIBC_PTHREAD
[1.052s] -- Performing Test CMAKE_HAVE_LIBC_PTHREAD - Success
[1.053s] -- Found Threads: TRUE  
[1.133s] -- Found geometry_msgs: 4.9.0 (/opt/ros/humble/share/geometry_msgs/cmake)
[1.147s] -- Found unitree_api: 0.0.0 (/home/zjh/unitree_ros2/cyclonedds_ws/install/unitree_api/share/unitree_api/cmake)
[1.167s] -- Found ament_lint_auto: 0.12.14 (/opt/ros/humble/share/ament_lint_auto/cmake)
[1.244s] -- Added test 'cppcheck' to perform static code analysis on C / C++ code
[1.244s] -- Configured cppcheck include dirs: $<BUILD_INTERFACE:/home/zjh/unitree_go2_ws/src/base/go2_twist_bridge/include>
[1.245s] -- Configured cppcheck exclude dirs and/or files: 
[1.246s] -- Added test 'lint_cmake' to check CMake code style
[1.248s] -- Added test 'uncrustify' to check C / C++ code style
[1.248s] -- Configured uncrustify additional arguments: 
[1.249s] -- Added test 'xmllint' to check XML markup files
[1.251s] -- Configuring done
[1.259s] -- Generating done
[1.262s] -- Build files have been written to: /home/zjh/unitree_go2_ws/build/go2_twist_bridge
[1.267s] Invoked command in '/home/zjh/unitree_go2_ws/build/go2_twist_bridge' returned '0': CMAKE_PREFIX_PATH=${CMAKE_PREFIX_PATH}:/home/zjh/unitree_go2_ws/install/go2_teleop_ctrl_keyboard:/opt/ros/humble /usr/bin/cmake /home/zjh/unitree_go2_ws/src/base/go2_twist_bridge -DCMAKE_INSTALL_PREFIX=/home/zjh/unitree_go2_ws/install/go2_twist_bridge
[1.269s] Invoking command in '/home/zjh/unitree_go2_ws/build/go2_twist_bridge': CMAKE_PREFIX_PATH=${CMAKE_PREFIX_PATH}:/home/zjh/unitree_go2_ws/install/go2_teleop_ctrl_keyboard:/opt/ros/humble /usr/bin/cmake --build /home/zjh/unitree_go2_ws/build/go2_twist_bridge -- -j20 -l20
[1.323s] [ 50%] [32mBuilding CXX object CMakeFiles/twist_bridge.dir/src/twist_bridge.cpp.o[0m
[2.782s] [01m[K/home/zjh/unitree_go2_ws/src/base/go2_twist_bridge/src/twist_bridge.cpp:[m[K In member function ‘[01m[Kvoid TwistBridge::twist_cb(geometry_msgs::msg::Twist_<std::allocator<void> >::SharedPtr)[m[K’:
[2.782s] [01m[K/home/zjh/unitree_go2_ws/src/base/go2_twist_bridge/src/twist_bridge.cpp:28:60:[m[K [01;35m[Kwarning: [m[Kunused parameter ‘[01m[Ktwist[m[K’ [[01;35m[K]8;;https://gcc.gnu.org/onlinedocs/gcc/Warning-Options.html#index-Wunused-parameter-Wunused-parameter]8;;[m[K]
[2.782s]    28 |   void twist_cb([01;35m[Kconst geometry_msgs::msg::Twist::SharedPtr twist[m[K){
[2.782s]       |                 [01;35m[K~~~~~~~~~~~~~~~~~~~~~~~~~~~~~~~~~~~~~~~~~~~^~~~~[m[K
[6.627s] [100%] [32m[1mLinking CXX executable twist_bridge[0m
[6.949s] [100%] Built target twist_bridge
[6.957s] Invoked command in '/home/zjh/unitree_go2_ws/build/go2_twist_bridge' returned '0': CMAKE_PREFIX_PATH=${CMAKE_PREFIX_PATH}:/home/zjh/unitree_go2_ws/install/go2_teleop_ctrl_keyboard:/opt/ros/humble /usr/bin/cmake --build /home/zjh/unitree_go2_ws/build/go2_twist_bridge -- -j20 -l20
[6.966s] Invoking command in '/home/zjh/unitree_go2_ws/build/go2_twist_bridge': CMAKE_PREFIX_PATH=${CMAKE_PREFIX_PATH}:/home/zjh/unitree_go2_ws/install/go2_teleop_ctrl_keyboard:/opt/ros/humble /usr/bin/cmake --install /home/zjh/unitree_go2_ws/build/go2_twist_bridge
[6.971s] -- Install configuration: ""
[6.971s] -- Installing: /home/zjh/unitree_go2_ws/install/go2_twist_bridge/lib/go2_twist_bridge/twist_bridge
[6.974s] -- Set runtime path of "/home/zjh/unitree_go2_ws/install/go2_twist_bridge/lib/go2_twist_bridge/twist_bridge" to ""
[6.974s] -- Installing: /home/zjh/unitree_go2_ws/install/go2_twist_bridge/share/ament_index/resource_index/package_run_dependencies/go2_twist_bridge
[6.974s] -- Installing: /home/zjh/unitree_go2_ws/install/go2_twist_bridge/share/ament_index/resource_index/parent_prefix_path/go2_twist_bridge
[6.974s] -- Installing: /home/zjh/unitree_go2_ws/install/go2_twist_bridge/share/go2_twist_bridge/environment/ament_prefix_path.sh
[6.974s] -- Installing: /home/zjh/unitree_go2_ws/install/go2_twist_bridge/share/go2_twist_bridge/environment/ament_prefix_path.dsv
[6.974s] -- Installing: /home/zjh/unitree_go2_ws/install/go2_twist_bridge/share/go2_twist_bridge/environment/path.sh
[6.975s] -- Installing: /home/zjh/unitree_go2_ws/install/go2_twist_bridge/share/go2_twist_bridge/environment/path.dsv
[6.975s] -- Installing: /home/zjh/unitree_go2_ws/install/go2_twist_bridge/share/go2_twist_bridge/local_setup.bash
[6.975s] -- Installing: /home/zjh/unitree_go2_ws/install/go2_twist_bridge/share/go2_twist_bridge/local_setup.sh
[6.975s] -- Installing: /home/zjh/unitree_go2_ws/install/go2_twist_bridge/share/go2_twist_bridge/local_setup.zsh
[6.975s] -- Installing: /home/zjh/unitree_go2_ws/install/go2_twist_bridge/share/go2_twist_bridge/local_setup.dsv
[6.975s] -- Installing: /home/zjh/unitree_go2_ws/install/go2_twist_bridge/share/go2_twist_bridge/package.dsv
[6.975s] -- Installing: /home/zjh/unitree_go2_ws/install/go2_twist_bridge/share/ament_index/resource_index/packages/go2_twist_bridge
[6.975s] -- Installing: /home/zjh/unitree_go2_ws/install/go2_twist_bridge/share/go2_twist_bridge/cmake/go2_twist_bridgeConfig.cmake
[6.975s] -- Installing: /home/zjh/unitree_go2_ws/install/go2_twist_bridge/share/go2_twist_bridge/cmake/go2_twist_bridgeConfig-version.cmake
[6.976s] -- Installing: /home/zjh/unitree_go2_ws/install/go2_twist_bridge/share/go2_twist_bridge/package.xml
[6.978s] Invoked command in '/home/zjh/unitree_go2_ws/build/go2_twist_bridge' returned '0': CMAKE_PREFIX_PATH=${CMAKE_PREFIX_PATH}:/home/zjh/unitree_go2_ws/install/go2_teleop_ctrl_keyboard:/opt/ros/humble /usr/bin/cmake --install /home/zjh/unitree_go2_ws/build/go2_twist_bridge
