[0.343s] Invoking command in '/home/zjh/unitree_go2_ws/src/base/go2_twist_bridge_py': PYTHONPATH=/home/zjh/unitree_go2_ws/build/go2_twist_bridge_py/prefix_override:/usr/lib/python3/dist-packages/colcon_core/task/python/colcon_distutils_commands:/home/zjh/unitree_go2_ws/install/go2_twist_bridge_py/lib/python3.10/site-packages:${PYTHONPATH} /usr/bin/python3 -W ignore:setup.py install is deprecated -W ignore:easy_install command is deprecated setup.py egg_info --egg-base ../../../build/go2_twist_bridge_py build --build-base /home/zjh/unitree_go2_ws/build/go2_twist_bridge_py/build install --record /home/zjh/unitree_go2_ws/build/go2_twist_bridge_py/install.log --single-version-externally-managed install_data
[0.492s] running egg_info
[0.493s] writing ../../../build/go2_twist_bridge_py/go2_twist_bridge_py.egg-info/PKG-INFO
[0.493s] writing dependency_links to ../../../build/go2_twist_bridge_py/go2_twist_bridge_py.egg-info/dependency_links.txt
[0.493s] writing entry points to ../../../build/go2_twist_bridge_py/go2_twist_bridge_py.egg-info/entry_points.txt
[0.493s] writing requirements to ../../../build/go2_twist_bridge_py/go2_twist_bridge_py.egg-info/requires.txt
[0.493s] writing top-level names to ../../../build/go2_twist_bridge_py/go2_twist_bridge_py.egg-info/top_level.txt
[0.494s] reading manifest file '../../../build/go2_twist_bridge_py/go2_twist_bridge_py.egg-info/SOURCES.txt'
[0.495s] writing manifest file '../../../build/go2_twist_bridge_py/go2_twist_bridge_py.egg-info/SOURCES.txt'
[0.495s] running build
[0.495s] running build_py
[0.495s] running install
[0.495s] running install_lib
[0.496s] running install_data
[0.496s] running install_egg_info
[0.497s] removing '/home/zjh/unitree_go2_ws/install/go2_twist_bridge_py/lib/python3.10/site-packages/go2_twist_bridge_py-0.0.0-py3.10.egg-info' (and everything under it)
[0.497s] Copying ../../../build/go2_twist_bridge_py/go2_twist_bridge_py.egg-info to /home/zjh/unitree_go2_ws/install/go2_twist_bridge_py/lib/python3.10/site-packages/go2_twist_bridge_py-0.0.0-py3.10.egg-info
[0.497s] running install_scripts
[0.511s] Installing twist_bridge script to /home/zjh/unitree_go2_ws/install/go2_twist_bridge_py/lib/go2_twist_bridge_py
[0.512s] writing list of installed files to '/home/zjh/unitree_go2_ws/build/go2_twist_bridge_py/install.log'
[0.526s] Invoked command in '/home/zjh/unitree_go2_ws/src/base/go2_twist_bridge_py' returned '0': PYTHONPATH=/home/zjh/unitree_go2_ws/build/go2_twist_bridge_py/prefix_override:/usr/lib/python3/dist-packages/colcon_core/task/python/colcon_distutils_commands:/home/zjh/unitree_go2_ws/install/go2_twist_bridge_py/lib/python3.10/site-packages:${PYTHONPATH} /usr/bin/python3 -W ignore:setup.py install is deprecated -W ignore:easy_install command is deprecated setup.py egg_info --egg-base ../../../build/go2_twist_bridge_py build --build-base /home/zjh/unitree_go2_ws/build/go2_twist_bridge_py/build install --record /home/zjh/unitree_go2_ws/build/go2_twist_bridge_py/install.log --single-version-externally-managed install_data
