-- Found ament_cmake: 1.3.12 (/opt/ros/humble/share/ament_cmake/cmake)
-- Found rclcpp: 16.0.14 (/opt/ros/humble/share/rclcpp/cmake)
-- Found rosidl_generator_c: 3.1.7 (/opt/ros/humble/share/rosidl_generator_c/cmake)
-- Found rosidl_adapter: 3.1.7 (/opt/ros/humble/share/rosidl_adapter/cmake)
-- Found rosidl_generator_cpp: 3.1.7 (/opt/ros/humble/share/rosidl_generator_cpp/cmake)
-- Using all available rosidl_typesupport_c: rosidl_typesupport_fastrtps_c;rosidl_typesupport_introspection_c
-- Using all available rosidl_typesupport_cpp: rosidl_typesupport_fastrtps_cpp;rosidl_typesupport_introspection_cpp
-- Found rmw_implementation_cmake: 6.1.2 (/opt/ros/humble/share/rmw_implementation_cmake/cmake)
-- Found rmw_fastrtps_cpp: 6.2.8 (/opt/ros/humble/share/rmw_fastrtps_cpp/cmake)
-- Using RMW implementation 'rmw_fastrtps_cpp' as default
-- Found unitree_api: 0.0.0 (/home/zjh/unitree_ros2/cyclonedds_ws/install/unitree_api/share/unitree_api/cmake)
-- Found ament_lint_auto: 0.12.14 (/opt/ros/humble/share/ament_lint_auto/cmake)
-- Added test 'cppcheck' to perform static code analysis on C / C++ code
-- Configured cppcheck include dirs: $<BUILD_INTERFACE:/home/zjh/unitree_go2_ws/src/helloworld/helloworld/include>
-- Configured cppcheck exclude dirs and/or files: 
-- Added test 'lint_cmake' to check CMake code style
-- Added test 'uncrustify' to check C / C++ code style
-- Configured uncrustify additional arguments: 
-- Added test 'xmllint' to check XML markup files
-- Configuring done
-- Generating done
-- Build files have been written to: /home/zjh/unitree_go2_ws/build/helloworld
[35m[1mConsolidate compiler generated dependencies of target hello[0m
[100%] Built target hello
-- Install configuration: ""
-- Up-to-date: /home/zjh/unitree_go2_ws/install/helloworld/lib/helloworld/hello
-- Up-to-date: /home/zjh/unitree_go2_ws/install/helloworld/share/ament_index/resource_index/package_run_dependencies/helloworld
-- Up-to-date: /home/zjh/unitree_go2_ws/install/helloworld/share/ament_index/resource_index/parent_prefix_path/helloworld
-- Up-to-date: /home/zjh/unitree_go2_ws/install/helloworld/share/helloworld/environment/ament_prefix_path.sh
-- Installing: /home/zjh/unitree_go2_ws/install/helloworld/share/helloworld/environment/ament_prefix_path.dsv
-- Up-to-date: /home/zjh/unitree_go2_ws/install/helloworld/share/helloworld/environment/path.sh
-- Installing: /home/zjh/unitree_go2_ws/install/helloworld/share/helloworld/environment/path.dsv
-- Up-to-date: /home/zjh/unitree_go2_ws/install/helloworld/share/helloworld/local_setup.bash
-- Up-to-date: /home/zjh/unitree_go2_ws/install/helloworld/share/helloworld/local_setup.sh
-- Up-to-date: /home/zjh/unitree_go2_ws/install/helloworld/share/helloworld/local_setup.zsh
-- Installing: /home/zjh/unitree_go2_ws/install/helloworld/share/helloworld/local_setup.dsv
-- Installing: /home/zjh/unitree_go2_ws/install/helloworld/share/helloworld/package.dsv
-- Up-to-date: /home/zjh/unitree_go2_ws/install/helloworld/share/ament_index/resource_index/packages/helloworld
-- Up-to-date: /home/zjh/unitree_go2_ws/install/helloworld/share/helloworld/cmake/helloworldConfig.cmake
-- Up-to-date: /home/zjh/unitree_go2_ws/install/helloworld/share/helloworld/cmake/helloworldConfig-version.cmake
-- Up-to-date: /home/zjh/unitree_go2_ws/install/helloworld/share/helloworld/package.xml
