[0.007s] Invoking command in '/home/zjh/unitree_go2_ws/build/helloworld': CMAKE_PREFIX_PATH=/opt/ros/humble /usr/bin/cmake /home/zjh/unitree_go2_ws/src/helloworld/helloworld -DCMAKE_INSTALL_PREFIX=/home/zjh/unitree_go2_ws/install/helloworld
[0.021s] -- Found ament_cmake: 1.3.12 (/opt/ros/humble/share/ament_cmake/cmake)
[0.122s] -- Found rclcpp: 16.0.14 (/opt/ros/humble/share/rclcpp/cmake)
[0.140s] -- Found rosidl_generator_c: 3.1.7 (/opt/ros/humble/share/rosidl_generator_c/cmake)
[0.142s] -- Found rosidl_adapter: 3.1.7 (/opt/ros/humble/share/rosidl_adapter/cmake)
[0.145s] -- Found rosidl_generator_cpp: 3.1.7 (/opt/ros/humble/share/rosidl_generator_cpp/cmake)
[0.151s] -- Using all available rosidl_typesupport_c: rosidl_typesupport_fastrtps_c;rosidl_typesupport_introspection_c
[0.160s] -- Using all available rosidl_typesupport_cpp: rosidl_typesupport_fastrtps_cpp;rosidl_typesupport_introspection_cpp
[0.180s] -- Found rmw_implementation_cmake: 6.1.2 (/opt/ros/humble/share/rmw_implementation_cmake/cmake)
[0.181s] -- Found rmw_fastrtps_cpp: 6.2.8 (/opt/ros/humble/share/rmw_fastrtps_cpp/cmake)
[0.244s] -- Using RMW implementation 'rmw_fastrtps_cpp' as default
[0.275s] -- Found unitree_api: 0.0.0 (/home/zjh/unitree_ros2/cyclonedds_ws/install/unitree_api/share/unitree_api/cmake)
[0.292s] -- Found ament_lint_auto: 0.12.14 (/opt/ros/humble/share/ament_lint_auto/cmake)
[0.339s] -- Added test 'cppcheck' to perform static code analysis on C / C++ code
[0.339s] -- Configured cppcheck include dirs: $<BUILD_INTERFACE:/home/zjh/unitree_go2_ws/src/helloworld/helloworld/include>
[0.339s] -- Configured cppcheck exclude dirs and/or files: 
[0.340s] -- Added test 'lint_cmake' to check CMake code style
[0.340s] -- Added test 'uncrustify' to check C / C++ code style
[0.340s] -- Configured uncrustify additional arguments: 
[0.341s] -- Added test 'xmllint' to check XML markup files
[0.341s] -- Configuring done
[0.346s] -- Generating done
[0.348s] -- Build files have been written to: /home/zjh/unitree_go2_ws/build/helloworld
[0.353s] Invoked command in '/home/zjh/unitree_go2_ws/build/helloworld' returned '0': CMAKE_PREFIX_PATH=/opt/ros/humble /usr/bin/cmake /home/zjh/unitree_go2_ws/src/helloworld/helloworld -DCMAKE_INSTALL_PREFIX=/home/zjh/unitree_go2_ws/install/helloworld
[0.355s] Invoking command in '/home/zjh/unitree_go2_ws/build/helloworld': CMAKE_PREFIX_PATH=/opt/ros/humble /usr/bin/cmake --build /home/zjh/unitree_go2_ws/build/helloworld -- -j20 -l20
[0.396s] [35m[1mConsolidate compiler generated dependencies of target hello[0m
[0.416s] [100%] Built target hello
[0.429s] Invoked command in '/home/zjh/unitree_go2_ws/build/helloworld' returned '0': CMAKE_PREFIX_PATH=/opt/ros/humble /usr/bin/cmake --build /home/zjh/unitree_go2_ws/build/helloworld -- -j20 -l20
[0.441s] Invoking command in '/home/zjh/unitree_go2_ws/build/helloworld': CMAKE_PREFIX_PATH=/opt/ros/humble /usr/bin/cmake --install /home/zjh/unitree_go2_ws/build/helloworld
[0.450s] -- Install configuration: ""
[0.451s] -- Up-to-date: /home/zjh/unitree_go2_ws/install/helloworld/lib/helloworld/hello
[0.451s] -- Up-to-date: /home/zjh/unitree_go2_ws/install/helloworld/share/ament_index/resource_index/package_run_dependencies/helloworld
[0.451s] -- Up-to-date: /home/zjh/unitree_go2_ws/install/helloworld/share/ament_index/resource_index/parent_prefix_path/helloworld
[0.451s] -- Up-to-date: /home/zjh/unitree_go2_ws/install/helloworld/share/helloworld/environment/ament_prefix_path.sh
[0.451s] -- Installing: /home/zjh/unitree_go2_ws/install/helloworld/share/helloworld/environment/ament_prefix_path.dsv
[0.451s] -- Up-to-date: /home/zjh/unitree_go2_ws/install/helloworld/share/helloworld/environment/path.sh
[0.451s] -- Installing: /home/zjh/unitree_go2_ws/install/helloworld/share/helloworld/environment/path.dsv
[0.451s] -- Up-to-date: /home/zjh/unitree_go2_ws/install/helloworld/share/helloworld/local_setup.bash
[0.451s] -- Up-to-date: /home/zjh/unitree_go2_ws/install/helloworld/share/helloworld/local_setup.sh
[0.451s] -- Up-to-date: /home/zjh/unitree_go2_ws/install/helloworld/share/helloworld/local_setup.zsh
[0.451s] -- Installing: /home/zjh/unitree_go2_ws/install/helloworld/share/helloworld/local_setup.dsv
[0.452s] -- Installing: /home/zjh/unitree_go2_ws/install/helloworld/share/helloworld/package.dsv
[0.452s] -- Up-to-date: /home/zjh/unitree_go2_ws/install/helloworld/share/ament_index/resource_index/packages/helloworld
[0.452s] -- Up-to-date: /home/zjh/unitree_go2_ws/install/helloworld/share/helloworld/cmake/helloworldConfig.cmake
[0.452s] -- Up-to-date: /home/zjh/unitree_go2_ws/install/helloworld/share/helloworld/cmake/helloworldConfig-version.cmake
[0.452s] -- Up-to-date: /home/zjh/unitree_go2_ws/install/helloworld/share/helloworld/package.xml
[0.454s] Invoked command in '/home/zjh/unitree_go2_ws/build/helloworld' returned '0': CMAKE_PREFIX_PATH=/opt/ros/humble /usr/bin/cmake --install /home/zjh/unitree_go2_ws/build/helloworld
