[0.008s] Invoking command in '/home/zjh/unitree_go2_ws/build/helloworld': CMAKE_PREFIX_PATH=/opt/ros/humble /usr/bin/cmake /home/zjh/unitree_go2_ws/src/helloworld/helloworld -DCMAKE_PREFIX_PATH=/home/zjh/unitree_ros2/cyclonedds_ws/install/unitree_api -DCMAKE_INSTALL_PREFIX=/home/zjh/unitree_go2_ws/install/helloworld
[0.020s] -- Found ament_cmake: 1.3.12 (/opt/ros/humble/share/ament_cmake/cmake)
[0.118s] -- Found rclcpp: 16.0.14 (/opt/ros/humble/share/rclcpp/cmake)
[0.135s] -- Found rosidl_generator_c: 3.1.7 (/opt/ros/humble/share/rosidl_generator_c/cmake)
[0.137s] -- Found rosidl_adapter: 3.1.7 (/opt/ros/humble/share/rosidl_adapter/cmake)
[0.140s] -- Found rosidl_generator_cpp: 3.1.7 (/opt/ros/humble/share/rosidl_generator_cpp/cmake)
[0.146s] -- Using all available rosidl_typesupport_c: rosidl_typesupport_fastrtps_c;rosidl_typesupport_introspection_c
[0.154s] -- Using all available rosidl_typesupport_cpp: rosidl_typesupport_fastrtps_cpp;rosidl_typesupport_introspection_cpp
[0.175s] -- Found rmw_implementation_cmake: 6.1.2 (/opt/ros/humble/share/rmw_implementation_cmake/cmake)
[0.175s] -- Found rmw_fastrtps_cpp: 6.2.8 (/opt/ros/humble/share/rmw_fastrtps_cpp/cmake)
[0.246s] -- Using RMW implementation 'rmw_fastrtps_cpp' as default
[0.279s] -- Found unitree_api: 0.0.0 (/home/zjh/unitree_ros2/cyclonedds_ws/install/unitree_api/share/unitree_api/cmake)
[0.301s] -- Found ament_lint_auto: 0.12.14 (/opt/ros/humble/share/ament_lint_auto/cmake)
[0.356s] -- Added test 'cppcheck' to perform static code analysis on C / C++ code
[0.357s] -- Configured cppcheck include dirs: $<BUILD_INTERFACE:/home/zjh/unitree_go2_ws/src/helloworld/helloworld/include>
[0.357s] -- Configured cppcheck exclude dirs and/or files: 
[0.357s] -- Added test 'lint_cmake' to check CMake code style
[0.357s] -- Added test 'uncrustify' to check C / C++ code style
[0.357s] -- Configured uncrustify additional arguments: 
[0.358s] -- Added test 'xmllint' to check XML markup files
[0.358s] -- Configuring done
[0.364s] -- Generating done
[0.366s] -- Build files have been written to: /home/zjh/unitree_go2_ws/build/helloworld
[0.371s] Invoked command in '/home/zjh/unitree_go2_ws/build/helloworld' returned '0': CMAKE_PREFIX_PATH=/opt/ros/humble /usr/bin/cmake /home/zjh/unitree_go2_ws/src/helloworld/helloworld -DCMAKE_PREFIX_PATH=/home/zjh/unitree_ros2/cyclonedds_ws/install/unitree_api -DCMAKE_INSTALL_PREFIX=/home/zjh/unitree_go2_ws/install/helloworld
[0.372s] Invoking command in '/home/zjh/unitree_go2_ws/build/helloworld': CMAKE_PREFIX_PATH=/opt/ros/humble /usr/bin/cmake --build /home/zjh/unitree_go2_ws/build/helloworld -- -j20 -l20
[0.421s] [ 50%] [32mBuilding CXX object CMakeFiles/hello.dir/src/hello.cpp.o[0m
[2.846s] [100%] [32m[1mLinking CXX executable hello[0m
[2.982s] [100%] Built target hello
[2.997s] Invoked command in '/home/zjh/unitree_go2_ws/build/helloworld' returned '0': CMAKE_PREFIX_PATH=/opt/ros/humble /usr/bin/cmake --build /home/zjh/unitree_go2_ws/build/helloworld -- -j20 -l20
[3.009s] Invoking command in '/home/zjh/unitree_go2_ws/build/helloworld': CMAKE_PREFIX_PATH=/opt/ros/humble /usr/bin/cmake --install /home/zjh/unitree_go2_ws/build/helloworld
[3.017s] -- Install configuration: ""
[3.017s] -- Installing: /home/zjh/unitree_go2_ws/install/helloworld/lib/helloworld/hello
[3.018s] -- Set runtime path of "/home/zjh/unitree_go2_ws/install/helloworld/lib/helloworld/hello" to ""
[3.019s] -- Installing: /home/zjh/unitree_go2_ws/install/helloworld/share/ament_index/resource_index/package_run_dependencies/helloworld
[3.019s] -- Installing: /home/zjh/unitree_go2_ws/install/helloworld/share/ament_index/resource_index/parent_prefix_path/helloworld
[3.019s] -- Installing: /home/zjh/unitree_go2_ws/install/helloworld/share/helloworld/environment/ament_prefix_path.sh
[3.019s] -- Installing: /home/zjh/unitree_go2_ws/install/helloworld/share/helloworld/environment/ament_prefix_path.dsv
[3.020s] -- Installing: /home/zjh/unitree_go2_ws/install/helloworld/share/helloworld/environment/path.sh
[3.020s] -- Installing: /home/zjh/unitree_go2_ws/install/helloworld/share/helloworld/environment/path.dsv
[3.020s] -- Installing: /home/zjh/unitree_go2_ws/install/helloworld/share/helloworld/local_setup.bash
[3.021s] -- Installing: /home/zjh/unitree_go2_ws/install/helloworld/share/helloworld/local_setup.sh
[3.021s] -- Installing: /home/zjh/unitree_go2_ws/install/helloworld/share/helloworld/local_setup.zsh
[3.021s] -- Installing: /home/zjh/unitree_go2_ws/install/helloworld/share/helloworld/local_setup.dsv
[3.021s] -- Installing: /home/zjh/unitree_go2_ws/install/helloworld/share/helloworld/package.dsv
[3.021s] -- Installing: /home/zjh/unitree_go2_ws/install/helloworld/share/ament_index/resource_index/packages/helloworld
[3.022s] -- Installing: /home/zjh/unitree_go2_ws/install/helloworld/share/helloworld/cmake/helloworldConfig.cmake
[3.022s] -- Installing: /home/zjh/unitree_go2_ws/install/helloworld/share/helloworld/cmake/helloworldConfig-version.cmake
[3.022s] -- Installing: /home/zjh/unitree_go2_ws/install/helloworld/share/helloworld/package.xml
[3.025s] Invoked command in '/home/zjh/unitree_go2_ws/build/helloworld' returned '0': CMAKE_PREFIX_PATH=/opt/ros/humble /usr/bin/cmake --install /home/zjh/unitree_go2_ws/build/helloworld
