[0.011s] Invoking command in '/home/zjh/unitree_go2_ws/build/go2_twist_bridge': CMAKE_PREFIX_PATH=${CMAKE_PREFIX_PATH}:/opt/ros/humble /usr/bin/cmake --build /home/zjh/unitree_go2_ws/build/go2_twist_bridge -- -j20 -l20
[0.103s] [35m[1mConsolidate compiler generated dependencies of target twist_bridge[0m
[0.119s] [100%] Built target twist_bridge
[0.130s] Invoked command in '/home/zjh/unitree_go2_ws/build/go2_twist_bridge' returned '0': CMAKE_PREFIX_PATH=${CMAKE_PREFIX_PATH}:/opt/ros/humble /usr/bin/cmake --build /home/zjh/unitree_go2_ws/build/go2_twist_bridge -- -j20 -l20
[0.142s] Invoking command in '/home/zjh/unitree_go2_ws/build/go2_twist_bridge': CMAKE_PREFIX_PATH=${CMAKE_PREFIX_PATH}:/opt/ros/humble /usr/bin/cmake --install /home/zjh/unitree_go2_ws/build/go2_twist_bridge
[0.149s] -- Install configuration: ""
[0.150s] -- Up-to-date: /home/zjh/unitree_go2_ws/install/go2_twist_bridge/lib/go2_twist_bridge/twist_bridge
[0.151s] -- Up-to-date: /home/zjh/unitree_go2_ws/install/go2_twist_bridge/share/ament_index/resource_index/package_run_dependencies/go2_twist_bridge
[0.151s] -- Up-to-date: /home/zjh/unitree_go2_ws/install/go2_twist_bridge/share/ament_index/resource_index/parent_prefix_path/go2_twist_bridge
[0.151s] -- Up-to-date: /home/zjh/unitree_go2_ws/install/go2_twist_bridge/share/go2_twist_bridge/environment/ament_prefix_path.sh
[0.151s] -- Up-to-date: /home/zjh/unitree_go2_ws/install/go2_twist_bridge/share/go2_twist_bridge/environment/ament_prefix_path.dsv
[0.151s] -- Up-to-date: /home/zjh/unitree_go2_ws/install/go2_twist_bridge/share/go2_twist_bridge/environment/path.sh
[0.151s] -- Up-to-date: /home/zjh/unitree_go2_ws/install/go2_twist_bridge/share/go2_twist_bridge/environment/path.dsv
[0.151s] -- Up-to-date: /home/zjh/unitree_go2_ws/install/go2_twist_bridge/share/go2_twist_bridge/local_setup.bash
[0.151s] -- Up-to-date: /home/zjh/unitree_go2_ws/install/go2_twist_bridge/share/go2_twist_bridge/local_setup.sh
[0.151s] -- Up-to-date: /home/zjh/unitree_go2_ws/install/go2_twist_bridge/share/go2_twist_bridge/local_setup.zsh
[0.151s] -- Up-to-date: /home/zjh/unitree_go2_ws/install/go2_twist_bridge/share/go2_twist_bridge/local_setup.dsv
[0.152s] -- Installing: /home/zjh/unitree_go2_ws/install/go2_twist_bridge/share/go2_twist_bridge/package.dsv
[0.152s] -- Up-to-date: /home/zjh/unitree_go2_ws/install/go2_twist_bridge/share/ament_index/resource_index/packages/go2_twist_bridge
[0.152s] -- Up-to-date: /home/zjh/unitree_go2_ws/install/go2_twist_bridge/share/go2_twist_bridge/cmake/go2_twist_bridgeConfig.cmake
[0.152s] -- Up-to-date: /home/zjh/unitree_go2_ws/install/go2_twist_bridge/share/go2_twist_bridge/cmake/go2_twist_bridgeConfig-version.cmake
[0.152s] -- Up-to-date: /home/zjh/unitree_go2_ws/install/go2_twist_bridge/share/go2_twist_bridge/package.xml
[0.153s] Invoked command in '/home/zjh/unitree_go2_ws/build/go2_twist_bridge' returned '0': CMAKE_PREFIX_PATH=${CMAKE_PREFIX_PATH}:/opt/ros/humble /usr/bin/cmake --install /home/zjh/unitree_go2_ws/build/go2_twist_bridge
